<?xml version="1.0" encoding="UTF-8"?>
<robot generator="Robot 5.0.1 (Python 3.9.13 on darwin)" generated="20220630 19:32:40.056" rpa="false" schemaversion="3">
<suite id="s1" name="Xiachufang Testcases" source="/Users/huaqing.luo/Documents/07Automation/Git/Xiachufang_Demo/Xiachufang_Demo/TestCase/Xiachufang_Testcases.robot">
<kw name="Launch App" library="BaseKeywords" type="SETUP">
<doc>Launch APP</doc>
<kw name="Log" library="BuiltIn">
<arg>......Start executing USER LOGIN</arg>
<doc>Logs the given message with the given level.</doc>
<msg timestamp="20220630 19:32:40.276" level="INFO">......Start executing USER LOGIN</msg>
<status status="PASS" starttime="20220630 19:32:40.275" endtime="20220630 19:32:40.276"/>
</kw>
<kw name="Open Application" library="AppiumLibrary">
<arg>${AppiumServer}</arg>
<arg>platformName=${platformName}</arg>
<arg>platformVersion=${platformVersion}</arg>
<arg>deviceName=${deviceName}</arg>
<arg>app=${App}</arg>
<arg>appPackage=${appPackage}</arg>
<arg>udid=${udid}</arg>
<doc>Opens a new application to given Appium server.
Capabilities of appium server, Android and iOS,
Please check https://github.com/appium/appium/blob/master/docs/en/writing-running-appium/server-args.md
| *Option*            | *Man.* | *Description*     |
| remote_url          | Yes    | Appium server url |
| alias               | no     | alias             |</doc>
<kw name="Capture Page Screenshot" library="AppiumLibrary">
<doc>Takes a screenshot of the current page and embeds it into the log.</doc>
<msg timestamp="20220630 19:33:01.025" level="FAIL">No application is open</msg>
<status status="FAIL" starttime="20220630 19:33:01.024" endtime="20220630 19:33:01.030"/>
</kw>
<msg timestamp="20220630 19:33:01.033" level="WARN">Keyword 'Capture Page Screenshot' could not be run on failure: No application is open</msg>
<msg timestamp="20220630 19:33:01.033" level="FAIL">WebDriverException: Message: An unknown server-side error occurred while processing the command. Original error: Could not find a connected Android device in 20084ms.
</msg>
<status status="FAIL" starttime="20220630 19:32:40.276" endtime="20220630 19:33:01.033"/>
</kw>
<kw name="Sleep" library="BuiltIn">
<arg>3</arg>
<doc>Pauses the test executed for the given time.</doc>
<status status="NOT RUN" starttime="20220630 19:33:01.034" endtime="20220630 19:33:01.034"/>
</kw>
<kw name="Log" library="BuiltIn">
<arg>******** Launching xiachufang ing **********</arg>
<doc>Logs the given message with the given level.</doc>
<status status="NOT RUN" starttime="20220630 19:33:01.034" endtime="20220630 19:33:01.034"/>
</kw>
<kw name="Run Keyword And Return Status" library="BuiltIn">
<var>${AGREE_Status}</var>
<arg>Element Should Be Visible</arg>
<arg>${LAUNCH_APP_AGREE}</arg>
<doc>Runs the given keyword with given arguments and returns the status as a Boolean value.</doc>
<status status="NOT RUN" starttime="20220630 19:33:01.034" endtime="20220630 19:33:01.034"/>
</kw>
<kw name="Run Keyword If" library="BuiltIn">
<arg>${AGREE_Status}</arg>
<arg>Click Element</arg>
<arg>${LAUNCH_APP_AGREE}</arg>
<doc>Runs the given keyword with the given arguments, if ``condition`` is true.</doc>
<status status="NOT RUN" starttime="20220630 19:33:01.034" endtime="20220630 19:33:01.034"/>
</kw>
<kw name="Sleep" library="BuiltIn">
<arg>10</arg>
<doc>Pauses the test executed for the given time.</doc>
<status status="NOT RUN" starttime="20220630 19:33:01.034" endtime="20220630 19:33:01.034"/>
</kw>
<kw name="Run Keyword And Return Status" library="BuiltIn">
<var>${Update_status}</var>
<arg>Element Should Be Visible</arg>
<arg>${Update_Next_Button}</arg>
<doc>Runs the given keyword with given arguments and returns the status as a Boolean value.</doc>
<status status="NOT RUN" starttime="20220630 19:33:01.034" endtime="20220630 19:33:01.034"/>
</kw>
<kw name="Run Keyword If" library="BuiltIn">
<arg>${Update_status}</arg>
<arg>Click Element</arg>
<arg>${Update_Next_Button}</arg>
<doc>Runs the given keyword with the given arguments, if ``condition`` is true.</doc>
<status status="NOT RUN" starttime="20220630 19:33:01.035" endtime="20220630 19:33:01.035"/>
</kw>
<kw name="Wait Until Element Is Visible" library="AppiumLibrary">
<arg>${MINE_TabButton}</arg>
<arg>20</arg>
<doc>Waits until element specified with `locator` is visible.</doc>
<status status="NOT RUN" starttime="20220630 19:33:01.035" endtime="20220630 19:33:01.035"/>
</kw>
<kw name="Sleep" library="BuiltIn">
<arg>2</arg>
<doc>Pauses the test executed for the given time.</doc>
<status status="NOT RUN" starttime="20220630 19:33:01.035" endtime="20220630 19:33:01.035"/>
</kw>
<kw name="Log" library="BuiltIn">
<arg>mine button is visable!</arg>
<doc>Logs the given message with the given level.</doc>
<status status="NOT RUN" starttime="20220630 19:33:01.035" endtime="20220630 19:33:01.035"/>
</kw>
<kw name="Wait Until Element Is Visible" library="AppiumLibrary">
<arg>${MINE_TabButton}</arg>
<doc>Waits until element specified with `locator` is visible.</doc>
<status status="NOT RUN" starttime="20220630 19:33:01.035" endtime="20220630 19:33:01.035"/>
</kw>
<kw name="Click Element" library="AppiumLibrary">
<arg>${MINE_TabButton}</arg>
<doc>Click element identified by `locator`.</doc>
<status status="NOT RUN" starttime="20220630 19:33:01.035" endtime="20220630 19:33:01.035"/>
</kw>
<kw name="Log" library="BuiltIn">
<arg>Clicking Mine button</arg>
<doc>Logs the given message with the given level.</doc>
<status status="NOT RUN" starttime="20220630 19:33:01.036" endtime="20220630 19:33:01.036"/>
</kw>
<kw name="Click Element" library="AppiumLibrary">
<arg>${FORCE_AGREE}</arg>
<doc>Click element identified by `locator`.</doc>
<status status="NOT RUN" starttime="20220630 19:33:01.036" endtime="20220630 19:33:01.036"/>
</kw>
<kw name="Log" library="BuiltIn">
<arg>Clicking agree Contracts button</arg>
<doc>Logs the given message with the given level.</doc>
<status status="NOT RUN" starttime="20220630 19:33:01.036" endtime="20220630 19:33:01.036"/>
</kw>
<status status="FAIL" starttime="20220630 19:32:40.275" endtime="20220630 19:33:01.036"/>
</kw>
<test id="s1-t1" name="User Login" line="9">
<doc>User login with Email</doc>
<status status="FAIL" starttime="20220630 19:33:01.036" endtime="20220630 19:33:01.037">Parent suite setup failed:
WebDriverException: Message: An unknown server-side error occurred while processing the command. Original error: Could not find a connected Android device in 20084ms.
</status>
</test>
<test id="s1-t2" name="Search Recipe" line="17">
<doc>User seach a recipe from first menu</doc>
<status status="FAIL" starttime="20220630 19:33:01.038" endtime="20220630 19:33:01.038">Parent suite setup failed:
WebDriverException: Message: An unknown server-side error occurred while processing the command. Original error: Could not find a connected Android device in 20084ms.
</status>
</test>
<test id="s1-t3" name="Set Profile" line="27">
<doc>User set personal profile info</doc>
<status status="FAIL" starttime="20220630 19:33:01.038" endtime="20220630 19:33:01.039">Parent suite setup failed:
WebDriverException: Message: An unknown server-side error occurred while processing the command. Original error: Could not find a connected Android device in 20084ms.
</status>
</test>
<kw name="Close All Apps" library="Keywords" type="TEARDOWN">
<doc>close all opened applications</doc>
<kw name="Close All Applications" library="AppiumLibrary">
<doc>Closes all open applications.</doc>
<status status="PASS" starttime="20220630 19:33:01.040" endtime="20220630 19:33:01.043"/>
</kw>
<kw name="Log To Console" library="BuiltIn">
<arg>Application all killed</arg>
<doc>Logs the given message to the console.</doc>
<status status="PASS" starttime="20220630 19:33:01.043" endtime="20220630 19:33:01.043"/>
</kw>
<status status="PASS" starttime="20220630 19:33:01.040" endtime="20220630 19:33:01.043"/>
</kw>
<status status="FAIL" starttime="20220630 19:32:40.059" endtime="20220630 19:33:01.043">Suite setup failed:
WebDriverException: Message: An unknown server-side error occurred while processing the command. Original error: Could not find a connected Android device in 20084ms.
</status>
</suite>
<statistics>
<total>
<stat pass="0" fail="3" skip="0">All Tests</stat>
</total>
<tag>
</tag>
<suite>
<stat pass="0" fail="3" skip="0" id="s1" name="Xiachufang Testcases">Xiachufang Testcases</stat>
</suite>
</statistics>
<errors>
<msg timestamp="20220630 19:33:01.033" level="WARN">Keyword 'Capture Page Screenshot' could not be run on failure: No application is open</msg>
</errors>
</robot>
